2025-04-04 09:52:12.164628 - Received CBT.V508.FILE445.PDS from FILE445.XMI 
2025-04-04 09:52:12.167418 - Found $$$#DATE.txt (text/plain) in CBT.V508.FILE445.PDS, moved to PDS/$$$#DATE
2025-04-04 09:52:12.167578 - Found $BUGS.txt (text/plain) in CBT.V508.FILE445.PDS, moved to PDS/$BUGS
2025-04-04 09:52:12.167720 - Found $CLIST.txt (text/plain) in CBT.V508.FILE445.PDS, moved to PDS/$CLIST
2025-04-04 09:52:12.167859 - Found $CLIST2.txt (text/plain) in CBT.V508.FILE445.PDS, moved to PDS/$CLIST2
2025-04-04 09:52:12.167985 - Found $DESC.txt (text/plain) in CBT.V508.FILE445.PDS, moved to PDS/$DESC
2025-04-04 09:52:12.168111 - Found $DISAS.jcl (text/plain) in CBT.V508.FILE445.PDS, moved to PDS/$DISAS
2025-04-04 09:52:12.168244 - Found $DISCLA.txt (text/plain) in CBT.V508.FILE445.PDS, moved to PDS/$DISCLA
2025-04-04 09:52:12.168371 - Found $DISYM.jcl (text/plain) in CBT.V508.FILE445.PDS, moved to PDS/$DISYM
2025-04-04 09:52:12.168674 - Found $HISTORY.txt (text/plain) in CBT.V508.FILE445.PDS, moved to PDS/$HISTORY
2025-04-04 09:52:12.168806 - Found $INST.jcl (text/plain) in CBT.V508.FILE445.PDS, moved to PDS/$INST
2025-04-04 09:52:12.168928 - Found $NOTES.txt (text/plain) in CBT.V508.FILE445.PDS, moved to PDS/$NOTES
2025-04-04 09:52:12.169049 - Found $SOURCEI.jcl (text/plain) in CBT.V508.FILE445.PDS, moved to PDS/$SOURCEI
2025-04-04 09:52:12.169169 - Found $SOURCER.jcl (text/plain) in CBT.V508.FILE445.PDS, moved to PDS/$SOURCER
2025-04-04 09:52:12.169307 - Found $TEST.jcl (text/plain) in CBT.V508.FILE445.PDS, moved to PDS/$TEST
2025-04-04 09:52:12.169428 - Found @FILE445.txt (text/plain) in CBT.V508.FILE445.PDS, moved to PDS/@FILE445
2025-04-04 09:52:12.169701 - Found ADDR.txt (text/plain) in CBT.V508.FILE445.PDS, moved to PDS/ADDR
2025-04-04 09:52:12.169839 - Found ARL.txt (text/plain) in CBT.V508.FILE445.PDS, moved to PDS/ARL
2025-04-04 09:52:12.169961 - Found ART.txt (text/plain) in CBT.V508.FILE445.PDS, moved to PDS/ART
2025-04-04 09:52:12.170090 - Found AXN.txt (text/plain) in CBT.V508.FILE445.PDS, moved to PDS/AXN
2025-04-04 09:52:12.170217 - Found AXNTAB.txt (text/plain) in CBT.V508.FILE445.PDS, moved to PDS/AXNTAB
2025-04-04 09:52:12.170351 - Found BCV.txt (text/plain) in CBT.V508.FILE445.PDS, moved to PDS/BCV
2025-04-04 09:52:12.170488 - Found BSC.txt (text/plain) in CBT.V508.FILE445.PDS, moved to PDS/BSC
2025-04-04 09:52:12.170608 - Found CALLS.txt (text/plain) in CBT.V508.FILE445.PDS, moved to PDS/CALLS
2025-04-04 09:52:12.170736 - Found CDN.txt (text/plain) in CBT.V508.FILE445.PDS, moved to PDS/CDN
2025-04-04 09:52:12.170867 - Found CONST.txt (text/plain) in CBT.V508.FILE445.PDS, moved to PDS/CONST
2025-04-04 09:52:12.171002 - Found COTR.txt (text/plain) in CBT.V508.FILE445.PDS, moved to PDS/COTR
2025-04-04 09:52:12.171129 - Found COUNT.txt (text/plain) in CBT.V508.FILE445.PDS, moved to PDS/COUNT
2025-04-04 09:52:12.171252 - Found CRLD.txt (text/plain) in CBT.V508.FILE445.PDS, moved to PDS/CRLD
2025-04-04 09:52:12.171378 - Found CXN.txt (text/plain) in CBT.V508.FILE445.PDS, moved to PDS/CXN
2025-04-04 09:52:12.171502 - Found DECO.txt (text/plain) in CBT.V508.FILE445.PDS, moved to PDS/DECO
2025-04-04 09:52:12.171632 - Found DELINK0.bin (application/octet-stream) in CBT.V508.FILE445.PDS, moved to PDS/DELINK0
2025-04-04 09:52:12.171753 - Found DISINF.txt (text/plain) in CBT.V508.FILE445.PDS, moved to PDS/DISINF
2025-04-04 09:52:12.171870 - Found DISSYM.txt (text/plain) in CBT.V508.FILE445.PDS, moved to PDS/DISSYM
2025-04-04 09:52:12.171982 - Found DISYM.txt (text/plain) in CBT.V508.FILE445.PDS, moved to PDS/DISYM
2025-04-04 09:52:12.172106 - Found DS.txt (text/plain) in CBT.V508.FILE445.PDS, moved to PDS/DS
2025-04-04 09:52:12.172224 - Found ENTER.txt (text/plain) in CBT.V508.FILE445.PDS, moved to PDS/ENTER
2025-04-04 09:52:12.172363 - Found ENTRYMAP.txt (text/plain) in CBT.V508.FILE445.PDS, moved to PDS/ENTRYMAP
2025-04-04 09:52:12.172505 - Found ESD.txt (text/plain) in CBT.V508.FILE445.PDS, moved to PDS/ESD
2025-04-04 09:52:12.172621 - Found ESDCARD.txt (text/plain) in CBT.V508.FILE445.PDS, moved to PDS/ESDCARD
2025-04-04 09:52:12.172739 - Found ESDITEM.txt (text/plain) in CBT.V508.FILE445.PDS, moved to PDS/ESDITEM
2025-04-04 09:52:12.172861 - Found ESDSDMAP.txt (text/plain) in CBT.V508.FILE445.PDS, moved to PDS/ESDSDMAP
2025-04-04 09:52:12.172977 - Found ESD0.txt (text/plain) in CBT.V508.FILE445.PDS, moved to PDS/ESD0
2025-04-04 09:52:12.173089 - Found ESD1.txt (text/plain) in CBT.V508.FILE445.PDS, moved to PDS/ESD1
2025-04-04 09:52:12.173201 - Found ESD2.txt (text/plain) in CBT.V508.FILE445.PDS, moved to PDS/ESD2
2025-04-04 09:52:12.173317 - Found ESD5.txt (text/plain) in CBT.V508.FILE445.PDS, moved to PDS/ESD5
2025-04-04 09:52:12.173437 - Found EXTRNMAP.txt (text/plain) in CBT.V508.FILE445.PDS, moved to PDS/EXTRNMAP
2025-04-04 09:52:12.173569 - Found FLPT.txt (text/plain) in CBT.V508.FILE445.PDS, moved to PDS/FLPT
2025-04-04 09:52:12.173689 - Found FMTPARMS.txt (text/plain) in CBT.V508.FILE445.PDS, moved to PDS/FMTPARMS
2025-04-04 09:52:12.173823 - Found FTXT.txt (text/plain) in CBT.V508.FILE445.PDS, moved to PDS/FTXT
2025-04-04 09:52:12.173944 - Found FTXTA.txt (text/plain) in CBT.V508.FILE445.PDS, moved to PDS/FTXTA
2025-04-04 09:52:12.174060 - Found FXPT.txt (text/plain) in CBT.V508.FILE445.PDS, moved to PDS/FXPT
2025-04-04 09:52:12.174179 - Found GENCARD.txt (text/plain) in CBT.V508.FILE445.PDS, moved to PDS/GENCARD
2025-04-04 09:52:12.174292 - Found INFO.txt (text/plain) in CBT.V508.FILE445.PDS, moved to PDS/INFO
2025-04-04 09:52:12.174413 - Found LABELMAP.txt (text/plain) in CBT.V508.FILE445.PDS, moved to PDS/LABELMAP
2025-04-04 09:52:12.174548 - Found LEAVE.txt (text/plain) in CBT.V508.FILE445.PDS, moved to PDS/LEAVE
2025-04-04 09:52:12.174677 - Found LSYM.txt (text/plain) in CBT.V508.FILE445.PDS, moved to PDS/LSYM
2025-04-04 09:52:12.174793 - Found MAIN.txt (text/plain) in CBT.V508.FILE445.PDS, moved to PDS/MAIN
2025-04-04 09:52:12.174907 - Found OUTLINE.txt (text/plain) in CBT.V508.FILE445.PDS, moved to PDS/OUTLINE
2025-04-04 09:52:12.175024 - Found PASS0.txt (text/plain) in CBT.V508.FILE445.PDS, moved to PDS/PASS0
2025-04-04 09:52:12.175135 - Found PASS1.txt (text/plain) in CBT.V508.FILE445.PDS, moved to PDS/PASS1
2025-04-04 09:52:12.175256 - Found PASS3.txt (text/plain) in CBT.V508.FILE445.PDS, moved to PDS/PASS3
2025-04-04 09:52:12.175376 - Found PASS4.txt (text/plain) in CBT.V508.FILE445.PDS, moved to PDS/PASS4
2025-04-04 09:52:12.175498 - Found PASS4O.txt (text/plain) in CBT.V508.FILE445.PDS, moved to PDS/PASS4O
2025-04-04 09:52:12.175625 - Found PASS4Z.txt (text/plain) in CBT.V508.FILE445.PDS, moved to PDS/PASS4Z
2025-04-04 09:52:12.175762 - Found PR.txt (text/plain) in CBT.V508.FILE445.PDS, moved to PDS/PR
2025-04-04 09:52:12.175876 - Found PRINTA.txt (text/plain) in CBT.V508.FILE445.PDS, moved to PDS/PRINTA
2025-04-04 09:52:12.175998 - Found PRINTP.txt (text/plain) in CBT.V508.FILE445.PDS, moved to PDS/PRINTP
2025-04-04 09:52:12.176115 - Found PUNCH.txt (text/plain) in CBT.V508.FILE445.PDS, moved to PDS/PUNCH
2025-04-04 09:52:12.176229 - Found READA.txt (text/plain) in CBT.V508.FILE445.PDS, moved to PDS/READA
2025-04-04 09:52:12.176347 - Found REGEQU.txt (text/plain) in CBT.V508.FILE445.PDS, moved to PDS/REGEQU
2025-04-04 09:52:12.176470 - Found RLD.txt (text/plain) in CBT.V508.FILE445.PDS, moved to PDS/RLD
2025-04-04 09:52:12.176604 - Found RLDARRAY.txt (text/plain) in CBT.V508.FILE445.PDS, moved to PDS/RLDARRAY
2025-04-04 09:52:12.176727 - Found RLDITEM.txt (text/plain) in CBT.V508.FILE445.PDS, moved to PDS/RLDITEM
2025-04-04 09:52:12.176853 - Found RLDSORT.txt (text/plain) in CBT.V508.FILE445.PDS, moved to PDS/RLDSORT
2025-04-04 09:52:12.176971 - Found RR.txt (text/plain) in CBT.V508.FILE445.PDS, moved to PDS/RR
2025-04-04 09:52:12.177090 - Found RS.txt (text/plain) in CBT.V508.FILE445.PDS, moved to PDS/RS
2025-04-04 09:52:12.177208 - Found RX.txt (text/plain) in CBT.V508.FILE445.PDS, moved to PDS/RX
2025-04-04 09:52:12.177317 - Found SAVA.txt (text/plain) in CBT.V508.FILE445.PDS, moved to PDS/SAVA
2025-04-04 09:52:12.177426 - Found SI.txt (text/plain) in CBT.V508.FILE445.PDS, moved to PDS/SI
2025-04-04 09:52:12.177543 - Found SORCEREI.txt (text/plain) in CBT.V508.FILE445.PDS, moved to PDS/SORCEREI
2025-04-04 09:52:12.177658 - Found SORCEREM.txt (text/plain) in CBT.V508.FILE445.PDS, moved to PDS/SORCEREM
2025-04-04 09:52:12.177789 - Found SORCERER.txt (text/plain) in CBT.V508.FILE445.PDS, moved to PDS/SORCERER
2025-04-04 09:52:12.177901 - Found SPPR.txt (text/plain) in CBT.V508.FILE445.PDS, moved to PDS/SPPR
2025-04-04 09:52:12.178013 - Found SS.txt (text/plain) in CBT.V508.FILE445.PDS, moved to PDS/SS
2025-04-04 09:52:12.178146 - Found SYM.txt (text/plain) in CBT.V508.FILE445.PDS, moved to PDS/SYM
2025-04-04 09:52:12.178257 - Found TEST.txt (text/plain) in CBT.V508.FILE445.PDS, moved to PDS/TEST
2025-04-04 09:52:12.178380 - Found TESTRI.txt (text/plain) in CBT.V508.FILE445.PDS, moved to PDS/TESTRI
2025-04-04 09:52:12.178498 - Found TEST2.txt (text/plain) in CBT.V508.FILE445.PDS, moved to PDS/TEST2
2025-04-04 09:52:12.178734 - Found TEST3.txt (text/plain) in CBT.V508.FILE445.PDS, moved to PDS/TEST3
2025-04-04 09:52:12.178847 - Found TEST4.txt (text/plain) in CBT.V508.FILE445.PDS, moved to PDS/TEST4
2025-04-04 09:52:12.178979 - Found TEST4A.txt (text/plain) in CBT.V508.FILE445.PDS, moved to PDS/TEST4A
2025-04-04 09:52:12.179095 - Found TEST4B.txt (text/plain) in CBT.V508.FILE445.PDS, moved to PDS/TEST4B
2025-04-04 09:52:12.179221 - Found TEST5.txt (text/plain) in CBT.V508.FILE445.PDS, moved to PDS/TEST5
2025-04-04 09:52:12.179332 - Found TEST5B.txt (text/plain) in CBT.V508.FILE445.PDS, moved to PDS/TEST5B
2025-04-04 09:52:12.179444 - Found TEST6.txt (text/plain) in CBT.V508.FILE445.PDS, moved to PDS/TEST6
2025-04-04 09:52:12.179557 - Found TEST7.txt (text/plain) in CBT.V508.FILE445.PDS, moved to PDS/TEST7
2025-04-04 09:52:12.179672 - Found TEST8.txt (text/plain) in CBT.V508.FILE445.PDS, moved to PDS/TEST8
2025-04-04 09:52:12.179791 - Found TEST8B.txt (text/plain) in CBT.V508.FILE445.PDS, moved to PDS/TEST8B
2025-04-04 09:52:12.179906 - Found TEST9.txt (text/plain) in CBT.V508.FILE445.PDS, moved to PDS/TEST9
2025-04-04 09:52:12.180032 - Found TEST9B.txt (text/plain) in CBT.V508.FILE445.PDS, moved to PDS/TEST9B
2025-04-04 09:52:12.180144 - Found TIME.txt (text/plain) in CBT.V508.FILE445.PDS, moved to PDS/TIME
2025-04-04 09:52:12.180260 - Found TXT.txt (text/plain) in CBT.V508.FILE445.PDS, moved to PDS/TXT
2025-04-04 09:52:12.180393 - Found TXTHDR.txt (text/plain) in CBT.V508.FILE445.PDS, moved to PDS/TXTHDR
2025-04-04 09:52:12.180517 - Found USING.txt (text/plain) in CBT.V508.FILE445.PDS, moved to PDS/USING
